{"D:\\ServOMorph\\Bot ou pas Bot\\src\\tests\\fixtures.js": {"path":"D:\\ServOMorph\\Bot ou pas Bot\\src\\tests\\fixtures.js","statementMap":{"0":{"start":{"line":1,"column":27},"end":{"line":14,"column":1}},"1":{"start":{"line":16,"column":27},"end":{"line":39,"column":1}},"2":{"start":{"line":41,"column":28},"end":{"line":56,"column":1}},"3":{"start":{"line":58,"column":25},"end":{"line":63,"column":1}},"4":{"start":{"line":65,"column":29},"end":{"line":69,"column":1}}},"fnMap":{},"branchMap":{},"s":{"0":1,"1":1,"2":1,"3":1,"4":1},"f":{},"b":{},"meta":{"lastBranch":0,"lastFunction":0,"lastStatement":5,"seen":{"s:1:27:14:1":0,"s:16:27:39:1":1,"s:41:28:56:1":2,"s:58:25:63:1":3,"s:65:29:69:1":4}}}
}
